<?xml version="1.0" encoding="UTF-8"?>
<!-- Generated by org.testng.reporters.JUnitReportReporter -->
<testsuite hostname="DESKTOP-J8IK9JH" failures="0" tests="1" name="testngpckg.testngclass2" time="2.822" errors="0" timestamp="2025-02-03T08:40:47 MEZ" skipped="0">
  <testcase classname="testngpckg.testngclass2" name="openapp" time="2.822"/>
  <system-out/>
</testsuite> <!-- testngpckg.testngclass2 -->
