<?xml version="1.0" encoding="UTF-8"?>
<!-- Generated by org.testng.reporters.JUnitReportReporter -->
<testsuite hostname="DESKTOP-J8IK9JH" failures="0" tests="1" name="testCases.TC001_Login_Test" time="0.458" errors="0" timestamp="2025-02-05T21:26:31 MEZ" skipped="0">
  <testcase classname="testCases.TC001_Login_Test" name="verify_login_Test" time="0.458"/>
  <system-out/>
</testsuite> <!-- testCases.TC001_Login_Test -->
