<?xml version="1.0" encoding="UTF-8"?>
<!-- Generated by org.testng.reporters.JUnitReportReporter -->
<testsuite hostname="DESKTOP-J8IK9JH" failures="0" tests="2" name="testngpckg.Testngclass" time="0.005" errors="0" timestamp="2025-01-31T14:37:17 MEZ" skipped="0">
  <testcase classname="testngpckg.Testngclass" name="clickbtn" time="0.002"/>
  <system-out/>
  <testcase classname="testngpckg.Testngclass" name="openapp" time="0.003"/>
  <system-out/>
</testsuite> <!-- testngpckg.Testngclass -->
