<?xml version="1.0" encoding="UTF-8"?>
<!-- Generated by org.testng.reporters.JUnitReportReporter -->
<testsuite hostname="DESKTOP-J8IK9JH" failures="0" tests="2" name="testCases.TC002_AddtoCart_Test" time="0.000" errors="0" timestamp="2025-04-28T12:28:40 MESZ" skipped="2">
  <testcase classname="testCases.TC002_AddtoCart_Test" name="verify_AddtpCart" time="0.000">
    <skipped/>
  </testcase> <!-- verify_AddtpCart -->
  <system-out/>
  <testcase classname="testCases.TC002_AddtoCart_Test" name="verify_reactclick" time="0.000">
    <skipped/>
  </testcase> <!-- verify_reactclick -->
  <system-out/>
</testsuite> <!-- testCases.TC002_AddtoCart_Test -->
