<?xml version="1.0" encoding="UTF-8"?>
<!-- Generated by org.testng.reporters.JUnitReportReporter -->
<testsuite hostname="DESKTOP-J8IK9JH" failures="0" tests="2" name="testCases.TC001_Login_Test" time="1.126" errors="0" timestamp="2025-03-21T14:36:49 MEZ" skipped="0">
  <testcase classname="testCases.TC001_Login_Test" name="verify_login_Test" time="0.537"/>
  <system-out/>
  <testcase classname="testCases.TC001_Login_Test" name="verify_login_Test" time="0.589"/>
  <system-out/>
</testsuite> <!-- testCases.TC001_Login_Test -->
