<?xml version="1.0" encoding="UTF-8"?>
<!-- Generated by org.testng.reporters.JUnitReportReporter -->
<testsuite hostname="DESKTOP-J8IK9JH" failures="0" tests="2" name="testCases.TC002_AddtoCart_Test" time="0.341" errors="0" timestamp="2025-02-05T21:26:31 MEZ" skipped="0">
  <testcase classname="testCases.TC002_AddtoCart_Test" name="verify_reactclick" time="0.254"/>
  <system-out/>
  <testcase classname="testCases.TC002_AddtoCart_Test" name="verify_AddtpCart" time="0.087"/>
  <system-out/>
</testsuite> <!-- testCases.TC002_AddtoCart_Test -->
