<?xml version="1.0" encoding="UTF-8"?>
<!-- Generated by org.testng.reporters.JUnitReportReporter -->
<testsuite hostname="DESKTOP-J8IK9JH" failures="0" tests="2" name="testCases.TC002_AddtoCart_Test" time="6.332" errors="0" timestamp="2025-05-05T09:34:42 MESZ" skipped="0">
  <testcase classname="testCases.TC002_AddtoCart_Test" name="verify_AddtpCart" time="6.145"/>
  <testcase classname="testCases.TC002_AddtoCart_Test" name="verify_reactclick" time="0.187"/>
</testsuite> <!-- testCases.TC002_AddtoCart_Test -->
