<?xml version="1.0" encoding="UTF-8"?>
<!-- Generated by org.testng.reporters.JUnitReportReporter -->
<testsuite hostname="DESKTOP-J8IK9JH" failures="0" tests="1" name="testCases.TC001_Login_Test" time="0.300" errors="0" timestamp="2025-05-05T11:48:43 MESZ" skipped="0">
  <testcase classname="testCases.TC001_Login_Test" name="verify_login_Test" time="0.300"/>
</testsuite> <!-- testCases.TC001_Login_Test -->
