<?xml version="1.0" encoding="UTF-8"?>
<!-- Generated by org.testng.reporters.JUnitReportReporter -->
<testsuite hostname="DESKTOP-J8IK9JH" failures="0" tests="2" name="testCases.TC002_AddtoCart_Test" time="3.334" errors="0" timestamp="2025-05-05T11:48:43 MESZ" skipped="0">
  <testcase classname="testCases.TC002_AddtoCart_Test" name="verify_reactclick" time="0.204"/>
  <testcase classname="testCases.TC002_AddtoCart_Test" name="verify_AddtpCart" time="3.130"/>
</testsuite> <!-- testCases.TC002_AddtoCart_Test -->
