<?xml version="1.0" encoding="UTF-8"?>
<!-- Generated by org.testng.reporters.JUnitReportReporter -->
<testsuite hostname="DESKTOP-J8IK9JH" failures="0" tests="2" name="testCases.TC002_AddtoCart_Test" time="0.286" errors="0" timestamp="2025-05-03T16:36:43 MESZ" skipped="0">
  <testcase classname="testCases.TC002_AddtoCart_Test" name="verify_AddtpCart" time="0.069"/>
  <testcase classname="testCases.TC002_AddtoCart_Test" name="verify_reactclick" time="0.217"/>
</testsuite> <!-- testCases.TC002_AddtoCart_Test -->
