<?xml version="1.0" encoding="UTF-8"?>
<!-- Generated by org.testng.reporters.JUnitReportReporter -->
<testsuite hostname="DESKTOP-J8IK9JH" failures="0" tests="2" name="testCases.TC002_AddtoCart_Test" time="0.280" errors="0" timestamp="2025-04-28T21:21:08 MESZ" skipped="0">
  <testcase classname="testCases.TC002_AddtoCart_Test" name="verify_AddtpCart" time="0.071"/>
  <testcase classname="testCases.TC002_AddtoCart_Test" name="verify_reactclick" time="0.209"/>
</testsuite> <!-- testCases.TC002_AddtoCart_Test -->
